<?xml version="1.0" encoding="UTF-8"?>
<testsuite xmlns:xsi="http://www.w3.org/2001/XMLSchema-instance" xsi:noNamespaceSchemaLocation="https://maven.apache.org/surefire/maven-surefire-plugin/xsd/surefire-test-report.xsd" name="lombok.AppTest" time="0.13" tests="1" errors="0" skipped="0" failures="0">
  <properties>
    <property name="java.specification.version" value="20"/>
    <property name="sun.cpu.isalist" value="amd64"/>
    <property name="sun.jnu.encoding" value="Cp1252"/>
    <property name="java.class.path" value="L:\Programacion\PROG_Daw1\UD11\lombok\lombok\target\test-classes;L:\Programacion\PROG_Daw1\UD11\lombok\lombok\target\classes;C:\Users\a23OscarCP\.m2\repository\junit\junit\4.11\junit-4.11.jar;C:\Users\a23OscarCP\.m2\repository\org\hamcrest\hamcrest-core\1.3\hamcrest-core-1.3.jar;C:\Users\a23OscarCP\.m2\repository\org\projectlombok\lombok\1.18.32\lombok-1.18.32.jar;"/>
    <property name="java.vm.vendor" value="Oracle Corporation"/>
    <property name="sun.arch.data.model" value="64"/>
    <property name="user.variant" value=""/>
    <property name="java.vendor.url" value="https://java.oracle.com/"/>
    <property name="user.timezone" value="Europe/Madrid"/>
    <property name="os.name" value="Windows 11"/>
    <property name="java.vm.specification.version" value="20"/>
    <property name="sun.java.launcher" value="SUN_STANDARD"/>
    <property name="user.country" value="ES"/>
    <property name="sun.boot.library.path" value="C:\Program Files\OpenJDK\jdk-20.0.1\bin"/>
    <property name="sun.java.command" value="C:\Users\A23OSC~1\AppData\Local\Temp\surefire12499873896239098943\surefirebooter4876130608369461835.jar C:\Users\a23OscarCP\AppData\Local\Temp\surefire12499873896239098943 2024-05-14T13-15-13_223-jvmRun1 surefire4893338698990549241tmp surefire_018397912629011433653tmp"/>
    <property name="jdk.debug" value="release"/>
    <property name="surefire.test.class.path" value="L:\Programacion\PROG_Daw1\UD11\lombok\lombok\target\test-classes;L:\Programacion\PROG_Daw1\UD11\lombok\lombok\target\classes;C:\Users\a23OscarCP\.m2\repository\junit\junit\4.11\junit-4.11.jar;C:\Users\a23OscarCP\.m2\repository\org\hamcrest\hamcrest-core\1.3\hamcrest-core-1.3.jar;C:\Users\a23OscarCP\.m2\repository\org\projectlombok\lombok\1.18.32\lombok-1.18.32.jar;"/>
    <property name="sun.cpu.endian" value="little"/>
    <property name="user.home" value="C:\Users\a23OscarCP"/>
    <property name="user.language" value="es"/>
    <property name="java.specification.vendor" value="Oracle Corporation"/>
    <property name="java.version.date" value="2023-04-18"/>
    <property name="java.home" value="C:\Program Files\OpenJDK\jdk-20.0.1"/>
    <property name="file.separator" value="\"/>
    <property name="basedir" value="L:\Programacion\PROG_Daw1\UD11\lombok\lombok"/>
    <property name="java.vm.compressedOopsMode" value="Zero based"/>
    <property name="line.separator" value="&#10;"/>
    <property name="java.vm.specification.vendor" value="Oracle Corporation"/>
    <property name="java.specification.name" value="Java Platform API Specification"/>
    <property name="surefire.real.class.path" value="C:\Users\A23OSC~1\AppData\Local\Temp\surefire12499873896239098943\surefirebooter4876130608369461835.jar"/>
    <property name="user.script" value=""/>
    <property name="sun.management.compiler" value="HotSpot 64-Bit Tiered Compilers"/>
    <property name="java.runtime.version" value="20.0.1+9-29"/>
    <property name="user.name" value="A23OscarCP"/>
    <property name="stdout.encoding" value="Cp1252"/>
    <property name="path.separator" value=";"/>
    <property name="os.version" value="10.0"/>
    <property name="java.runtime.name" value="OpenJDK Runtime Environment"/>
    <property name="file.encoding" value="UTF-8"/>
    <property name="java.vm.name" value="OpenJDK 64-Bit Server VM"/>
    <property name="localRepository" value="C:\Users\a23OscarCP\.m2\repository"/>
    <property name="java.vendor.url.bug" value="https://bugreport.java.com/bugreport/"/>
    <property name="java.io.tmpdir" value="C:\Users\A23OSC~1\AppData\Local\Temp\"/>
    <property name="java.version" value="20.0.1"/>
    <property name="user.dir" value="L:\Programacion\PROG_Daw1\UD11\lombok\lombok"/>
    <property name="os.arch" value="amd64"/>
    <property name="java.vm.specification.name" value="Java Virtual Machine Specification"/>
    <property name="user.language.format" value="gl"/>
    <property name="sun.os.patch.level" value=""/>
    <property name="native.encoding" value="Cp1252"/>
    <property name="java.library.path" value="C:\Program Files\OpenJDK\jdk-20.0.1\bin;C:\Windows\Sun\Java\bin;C:\Windows\system32;C:\Windows;C:\Program Files (x86)\VMware\VMware Player\bin\;C:\Python311\Scripts\;C:\Python311\;C:\Python310\Scripts\;C:\Python310\;C:\Windows\system32;C:\Windows;C:\Windows\System32\Wbem;C:\Windows\System32\WindowsPowerShell\v1.0\;C:\Windows\System32\OpenSSH\;C:\Program Files\Azure Data Studio\bin;C:\ProgramData\chocolatey\bin;C:\Program Files\gs\gs9.56.1\bin;C:\Program Files (x86)\QuickTime\QTSystem\;C:\Program Files (x86)\GTK2-Runtime\bin;C:\Program Files\Microsoft VS Code Insiders\bin;C:\Program Files\php;C:\ProgramData\ComposerSetup\bin;C:\Program Files\nodejs\;C:\Program Files (x86)\BaseX\bin;C:\Program Files\kotlinc\bin;C:\Program Files\dotnet\;C:\Program Files\Oracle\VirtualBox;C:\Program Files\VSCodium\bin;C:\Program Files\gs\gs10.00.0\bin;C:\Program Files\Git\cmd;C:\Program Files\OpenJDK\jdk-20.0.1\bin;C:\Program Files\AutoFirma\AutoFirma;C:\HashiCorp\Vagrant\bin;C:\Program Files (x86)\Microsoft SQL Server\160\DTS\Binn\;C:\Program Files\OpenSSH;C:\Program Files\Microsoft VS Code\bin;C:\Program Files\Docker\Docker\resources\bin;C:\Users\a23OscarCP\AppData\Local\Microsoft\WindowsApps;C:\Python311\Lib\site-packages\uvicorn;C:\Users\a23OscarCP\apache-maven-3.9.6-bin\apache-maven-3.9.6\bin;;."/>
    <property name="java.vm.info" value="mixed mode, sharing"/>
    <property name="stderr.encoding" value="Cp1252"/>
    <property name="java.vendor" value="Oracle Corporation"/>
    <property name="java.vm.version" value="20.0.1+9-29"/>
    <property name="sun.io.unicode.encoding" value="UnicodeLittle"/>
    <property name="java.class.version" value="64.0"/>
  </properties>
  <testcase name="shouldAnswerWithTrue" classname="lombok.AppTest" time="0.006"/>
</testsuite>